<?xml version="1.0" encoding="UTF-8"?>
<testng-results ignored="0" total="1" passed="1" failed="0" skipped="0">
  <reporter-output>
  </reporter-output>
  <suite started-at="2024-08-10T11:05:17 IST" name="Suite" finished-at="2024-08-10T11:05:17 IST" duration-ms="18">
    <groups>
    </groups>
    <test started-at="2024-08-10T11:05:17 IST" name="Test" finished-at="2024-08-10T11:05:17 IST" duration-ms="18">
      <class name="test.ps1">
        <test-method is-config="true" signature="BeforeRun()[pri:0, instance:test.ps1@7880cdf3]" started-at="2024-08-10T11:05:17 IST" name="BeforeRun" finished-at="2024-08-10T11:05:17 IST" duration-ms="2" status="PASS">
          <reporter-output>
          </reporter-output>
        </test-method> <!-- BeforeRun -->
        <test-method signature="testRun()[pri:0, instance:test.ps1@7880cdf3]" started-at="2024-08-10T11:05:17 IST" name="testRun" finished-at="2024-08-10T11:05:17 IST" duration-ms="5" status="PASS">
          <reporter-output>
          </reporter-output>
        </test-method> <!-- testRun -->
      </class> <!-- test.ps1 -->
    </test> <!-- Test -->
  </suite> <!-- Suite -->
</testng-results>
